[debug] [2021-04-13T04:54:40.718Z] ----------------------------------------------------------------------
[debug] [2021-04-13T04:54:40.726Z] Command:       /usr/bin/node /usr/bin/firebase deploy
[debug] [2021-04-13T04:54:40.728Z] CLI Version:   9.8.0
[debug] [2021-04-13T04:54:40.728Z] Platform:      linux
[debug] [2021-04-13T04:54:40.729Z] Node Version:  v14.15.4
[debug] [2021-04-13T04:54:40.920Z] Time:          Mon Apr 12 2021 23:54:40 GMT-0500 (Central Daylight Time)
[debug] [2021-04-13T04:54:40.921Z] ----------------------------------------------------------------------
[debug] 
[debug] [2021-04-13T04:54:40.982Z] >>> [apiv2][query] GET https://firebase-public.firebaseio.com/cli.json [none]
[debug] [2021-04-13T04:54:41.208Z] > command requires scopes: ["email","openid","https://www.googleapis.com/auth/cloudplatformprojects.readonly","https://www.googleapis.com/auth/firebase","https://www.googleapis.com/auth/cloud-platform"]
[debug] [2021-04-13T04:54:41.209Z] > authorizing via signed-in user
[debug] [2021-04-13T04:54:41.210Z] [iam] checking project erickvibeportfolio for permissions ["firebase.projects.get","firebasehosting.sites.update"]
[debug] [2021-04-13T04:54:41.215Z] > refreshing access token with scopes: ["email","https://www.googleapis.com/auth/cloud-platform","https://www.googleapis.com/auth/cloudplatformprojects.readonly","https://www.googleapis.com/auth/firebase","openid"]
[debug] [2021-04-13T04:54:41.216Z] >>> HTTP REQUEST POST https://www.googleapis.com/oauth2/v3/token  
 <request body omitted>
[debug] [2021-04-13T04:54:41.772Z] <<< [apiv2][status] GET https://firebase-public.firebaseio.com/cli.json 200
[debug] [2021-04-13T04:54:41.773Z] <<< [apiv2][body] GET https://firebase-public.firebaseio.com/cli.json {"cloudBuildErrorAfter":1594252800000,"cloudBuildWarnAfter":1590019200000,"defaultNode10After":1594252800000,"minVersion":"3.0.5","node8DeploysDisabledAfter":1613390400000,"node8RuntimeDisabledAfter":1615809600000,"node8WarnAfter":1600128000000}
[debug] [2021-04-13T04:54:42.283Z] <<< HTTP RESPONSE 200 {"expires":"Mon, 01 Jan 1990 00:00:00 GMT","cache-control":"no-cache, no-store, max-age=0, must-revalidate","date":"Tue, 13 Apr 2021 04:54:41 GMT","pragma":"no-cache","content-type":"application/json; charset=utf-8","vary":"X-Origin, Referer, Origin,Accept-Encoding","server":"scaffolding on HTTPServer2","x-xss-protection":"0","x-frame-options":"SAMEORIGIN","x-content-type-options":"nosniff","alt-svc":"h3-29=\":443\"; ma=2592000,h3-T051=\":443\"; ma=2592000,h3-Q050=\":443\"; ma=2592000,h3-Q046=\":443\"; ma=2592000,h3-Q043=\":443\"; ma=2592000,quic=\":443\"; ma=2592000; v=\"46,43\"","accept-ranges":"none","transfer-encoding":"chunked"}
[debug] [2021-04-13T04:54:42.479Z] >>> HTTP REQUEST POST https://cloudresourcemanager.googleapis.com/v1/projects/erickvibeportfolio:testIamPermissions  
 {"permissions":["firebase.projects.get","firebasehosting.sites.update"]}
